<?xml version="1.0" encoding="UTF-8"?>
<testng-results ignored="0" total="1" passed="1" failed="0" skipped="0">
  <reporter-output>
  </reporter-output>
  <suite started-at="2023-10-02T14:35:14 IST" name="Surefire suite" finished-at="2023-10-02T14:35:14 IST" duration-ms="30">
    <groups>
    </groups>
    <test started-at="2023-10-02T14:35:14 IST" name="Surefire test" finished-at="2023-10-02T14:35:14 IST" duration-ms="30">
      <class name="org.testng.TestScript.AppTest">
        <test-method signature="testApp()[pri:0, instance:testApp(org.testng.TestScript.AppTest)]" started-at="2023-10-02T14:35:14 IST" name="testApp" finished-at="2023-10-02T14:35:14 IST" duration-ms="2" status="PASS">
          <reporter-output>
          </reporter-output>
        </test-method> <!-- testApp -->
      </class> <!-- org.testng.TestScript.AppTest -->
    </test> <!-- Surefire test -->
  </suite> <!-- Surefire suite -->
</testng-results>
