<?xml version="1.0" encoding="UTF-8"?>
<testng-results skipped="0" failed="0" total="1" passed="1">
  <reporter-output>
  </reporter-output>
  <suite name="Default suite" duration-ms="66893" started-at="2023-10-18T06:31:45Z" finished-at="2023-10-18T06:32:52Z">
    <groups>
    </groups>
    <test name="Default test" duration-ms="66893" started-at="2023-10-18T06:31:45Z" finished-at="2023-10-18T06:32:52Z">
      <class name="org.testng.TestScript.TC6">
        <test-method status="PASS" signature="setUp()[pri:0, instance:org.testng.TestScript.TC6@59a6e353]" name="setUp" is-config="true" duration-ms="14799" started-at="2023-10-18T12:01:45Z" finished-at="2023-10-18T12:01:59Z">
          <reporter-output>
          </reporter-output>
        </test-method> <!-- setUp -->
        <test-method status="PASS" signature="testAddComment()[pri:0, instance:org.testng.TestScript.TC6@59a6e353]" name="testAddComment" duration-ms="51497" started-at="2023-10-18T12:01:59Z" finished-at="2023-10-18T12:02:51Z">
          <reporter-output>
          </reporter-output>
        </test-method> <!-- testAddComment -->
        <test-method status="PASS" signature="tearDown()[pri:0, instance:org.testng.TestScript.TC6@59a6e353]" name="tearDown" is-config="true" duration-ms="577" started-at="2023-10-18T12:02:51Z" finished-at="2023-10-18T12:02:52Z">
          <reporter-output>
          </reporter-output>
        </test-method> <!-- tearDown -->
      </class> <!-- org.testng.TestScript.TC6 -->
    </test> <!-- Default test -->
  </suite> <!-- Default suite -->
</testng-results>
